<?xml version="1.0" encoding="UTF-8"?>
<testng-results ignored="0" total="2" passed="1" failed="1" skipped="0">
  <reporter-output>
  </reporter-output>
  <suite started-at="2021-11-18T17:10:43 IST" name="Suite" finished-at="2021-11-18T17:11:27 IST" duration-ms="44650">
    <groups>
    </groups>
    <test started-at="2021-11-18T17:10:43 IST" name="Test" finished-at="2021-11-18T17:11:27 IST" duration-ms="44650">
      <class name="Day_007_TestNG_DataProvider_Lab3.TC02_Login_Static_Paarameters">
        <test-method signature="Login_Test(java.lang.String,java.lang.String,java.lang.String,java.lang.String,java.lang.String)[pri:0, instance:Day_007_TestNG_DataProvider_Lab3.TC02_Login_Static_Paarameters@1d9b7cce]" started-at="2021-11-18T17:10:43 IST" name="Login_Test" data-provider="TC01_Add_Nationality" finished-at="2021-11-18T17:10:45 IST" duration-ms="1705" status="FAIL">
          <params>
            <param index="0">
              <value>
                <![CDATA[Chrome]]>
              </value>
            </param>
            <param index="1">
              <value>
                <![CDATA[https://opensource-demo.orangehrmlive.com/]]>
              </value>
            </param>
            <param index="2">
              <value>
                <![CDATA[Admin]]>
              </value>
            </param>
            <param index="3">
              <value>
                <![CDATA[admin123]]>
              </value>
            </param>
            <param index="4">
              <value>
                <![CDATA[Mexicanss6510]]>
              </value>
            </param>
          </params>
          <exception class="org.openqa.selenium.SessionNotCreatedException">
            <message>
              <![CDATA[session not created: This version of ChromeDriver only supports Chrome version 93
Current browser version is 96.0.4664.45 with binary path C:\Program Files\Google\Chrome\Application\chrome.exe
Build info: version: '3.141.59', revision: 'e82be7d358', time: '2018-11-14T08:17:03'
System info: host: 'TYNP-54', ip: '192.168.29.188', os.name: 'Windows 10', os.arch: 'amd64', os.version: '10.0', java.version: '12.0.1'
Driver info: driver.version: ChromeDriver
remote stacktrace: Backtrace:
Ordinal0 [0x00C6D403+2479107]
Ordinal0 [0x00C07D51+2063697]
Ordinal0 [0x00B120C8+1056968]
Ordinal0 [0x00B3043A+1180730]
Ordinal0 [0x00B2C355+1164117]
Ordinal0 [0x00B29B7F+1153919]
Ordinal0 [0x00B59CBF+1350847]
Ordinal0 [0x00B5992A+1349930]
Ordinal0 [0x00B5583B+1333307]
Ordinal0 [0x00B31F94+1187732]
Ordinal0 [0x00B32DE9+1191401]
GetHandleVerifier [0x00DEF3F6+1531734]
GetHandleVerifier [0x00E9E9AE+2249998]
GetHandleVerifier [0x00CF39AB+501003]
GetHandleVerifier [0x00CF2A29+497033]
Ordinal0 [0x00C0D11D+2085149]
Ordinal0 [0x00C111C8+2101704]
Ordinal0 [0x00C11302+2102018]
Ordinal0 [0x00C1AA71+2140785]
BaseThreadInitThunk [0x75D6FA29+25]
RtlGetAppContainerNamedObjectPath [0x77E77A9E+286]
RtlGetAppContainerNamedObjectPath [0x77E77A6E+238]
]]>
            </message>
            <full-stacktrace>
              <![CDATA[org.openqa.selenium.SessionNotCreatedException: session not created: This version of ChromeDriver only supports Chrome version 93
Current browser version is 96.0.4664.45 with binary path C:\Program Files\Google\Chrome\Application\chrome.exe
Build info: version: '3.141.59', revision: 'e82be7d358', time: '2018-11-14T08:17:03'
System info: host: 'TYNP-54', ip: '192.168.29.188', os.name: 'Windows 10', os.arch: 'amd64', os.version: '10.0', java.version: '12.0.1'
Driver info: driver.version: ChromeDriver
remote stacktrace: Backtrace:
Ordinal0 [0x00C6D403+2479107]
Ordinal0 [0x00C07D51+2063697]
Ordinal0 [0x00B120C8+1056968]
Ordinal0 [0x00B3043A+1180730]
Ordinal0 [0x00B2C355+1164117]
Ordinal0 [0x00B29B7F+1153919]
Ordinal0 [0x00B59CBF+1350847]
Ordinal0 [0x00B5992A+1349930]
Ordinal0 [0x00B5583B+1333307]
Ordinal0 [0x00B31F94+1187732]
Ordinal0 [0x00B32DE9+1191401]
GetHandleVerifier [0x00DEF3F6+1531734]
GetHandleVerifier [0x00E9E9AE+2249998]
GetHandleVerifier [0x00CF39AB+501003]
GetHandleVerifier [0x00CF2A29+497033]
Ordinal0 [0x00C0D11D+2085149]
Ordinal0 [0x00C111C8+2101704]
Ordinal0 [0x00C11302+2102018]
Ordinal0 [0x00C1AA71+2140785]
BaseThreadInitThunk [0x75D6FA29+25]
RtlGetAppContainerNamedObjectPath [0x77E77A9E+286]
RtlGetAppContainerNamedObjectPath [0x77E77A6E+238]

at java.base/jdk.internal.reflect.NativeConstructorAccessorImpl.newInstance0(Native Method)
at java.base/jdk.internal.reflect.NativeConstructorAccessorImpl.newInstance(NativeConstructorAccessorImpl.java:62)
at java.base/jdk.internal.reflect.DelegatingConstructorAccessorImpl.newInstance(DelegatingConstructorAccessorImpl.java:45)
at java.base/java.lang.reflect.Constructor.newInstanceWithCaller(Constructor.java:500)
at java.base/java.lang.reflect.Constructor.newInstance(Constructor.java:481)
at org.openqa.selenium.remote.W3CHandshakeResponse.lambda$errorHandler$0(W3CHandshakeResponse.java:62)
at org.openqa.selenium.remote.HandshakeResponse.lambda$getResponseFunction$0(HandshakeResponse.java:30)
at org.openqa.selenium.remote.ProtocolHandshake.lambda$createSession$0(ProtocolHandshake.java:126)
at java.base/java.util.stream.ReferencePipeline$3$1.accept(ReferencePipeline.java:195)
at java.base/java.util.Spliterators$ArraySpliterator.tryAdvance(Spliterators.java:958)
at java.base/java.util.stream.ReferencePipeline.forEachWithCancel(ReferencePipeline.java:127)
at java.base/java.util.stream.AbstractPipeline.copyIntoWithCancel(AbstractPipeline.java:502)
at java.base/java.util.stream.AbstractPipeline.copyInto(AbstractPipeline.java:488)
at java.base/java.util.stream.AbstractPipeline.wrapAndCopyInto(AbstractPipeline.java:474)
at java.base/java.util.stream.FindOps$FindOp.evaluateSequential(FindOps.java:150)
at java.base/java.util.stream.AbstractPipeline.evaluate(AbstractPipeline.java:234)
at java.base/java.util.stream.ReferencePipeline.findFirst(ReferencePipeline.java:543)
at org.openqa.selenium.remote.ProtocolHandshake.createSession(ProtocolHandshake.java:128)
at org.openqa.selenium.remote.ProtocolHandshake.createSession(ProtocolHandshake.java:74)
at org.openqa.selenium.remote.HttpCommandExecutor.execute(HttpCommandExecutor.java:136)
at org.openqa.selenium.remote.service.DriverCommandExecutor.execute(DriverCommandExecutor.java:83)
at org.openqa.selenium.remote.RemoteWebDriver.execute(RemoteWebDriver.java:552)
at org.openqa.selenium.remote.RemoteWebDriver.startSession(RemoteWebDriver.java:213)
at org.openqa.selenium.remote.RemoteWebDriver.<init>(RemoteWebDriver.java:131)
at org.openqa.selenium.chrome.ChromeDriver.<init>(ChromeDriver.java:181)
at org.openqa.selenium.chrome.ChromeDriver.<init>(ChromeDriver.java:168)
at org.openqa.selenium.chrome.ChromeDriver.<init>(ChromeDriver.java:123)
at CommonUtil.TestBrowser.OpenChromeBrowser(TestBrowser.java:65)
at Day_007_TestNG_DataProvider_Lab3.TC02_Login_Static_Paarameters.Login_Test(TC02_Login_Static_Paarameters.java:36)
at java.base/jdk.internal.reflect.NativeMethodAccessorImpl.invoke0(Native Method)
at java.base/jdk.internal.reflect.NativeMethodAccessorImpl.invoke(NativeMethodAccessorImpl.java:62)
at java.base/jdk.internal.reflect.DelegatingMethodAccessorImpl.invoke(DelegatingMethodAccessorImpl.java:43)
at java.base/java.lang.reflect.Method.invoke(Method.java:567)
at org.testng.internal.MethodInvocationHelper.invokeMethod(MethodInvocationHelper.java:133)
at org.testng.internal.TestInvoker.invokeMethod(TestInvoker.java:598)
at org.testng.internal.TestInvoker.invokeTestMethod(TestInvoker.java:173)
at org.testng.internal.MethodRunner.runInSequence(MethodRunner.java:46)
at org.testng.internal.TestInvoker$MethodInvocationAgent.invoke(TestInvoker.java:824)
at org.testng.internal.TestInvoker.invokeTestMethods(TestInvoker.java:146)
at org.testng.internal.TestMethodWorker.invokeTestMethods(TestMethodWorker.java:146)
at org.testng.internal.TestMethodWorker.run(TestMethodWorker.java:128)
at java.base/java.util.ArrayList.forEach(ArrayList.java:1540)
at org.testng.TestRunner.privateRun(TestRunner.java:794)
at org.testng.TestRunner.run(TestRunner.java:596)
at org.testng.SuiteRunner.runTest(SuiteRunner.java:377)
at org.testng.SuiteRunner.runSequentially(SuiteRunner.java:371)
at org.testng.SuiteRunner.privateRun(SuiteRunner.java:332)
at org.testng.SuiteRunner.run(SuiteRunner.java:276)
at org.testng.SuiteRunnerWorker.runSuite(SuiteRunnerWorker.java:53)
at org.testng.SuiteRunnerWorker.run(SuiteRunnerWorker.java:96)
at org.testng.TestNG.runSuitesSequentially(TestNG.java:1212)
at org.testng.TestNG.runSuitesLocally(TestNG.java:1134)
at org.testng.TestNG.runSuites(TestNG.java:1063)
at org.testng.TestNG.run(TestNG.java:1031)
at org.testng.remote.AbstractRemoteTestNG.run(AbstractRemoteTestNG.java:115)
at org.testng.remote.RemoteTestNG.initAndRun(RemoteTestNG.java:251)
at org.testng.remote.RemoteTestNG.main(RemoteTestNG.java:77)
]]>
            </full-stacktrace>
          </exception> <!-- org.openqa.selenium.SessionNotCreatedException -->
          <reporter-output>
          </reporter-output>
        </test-method> <!-- Login_Test -->
        <test-method signature="Login_Test(java.lang.String,java.lang.String,java.lang.String,java.lang.String,java.lang.String)[pri:0, instance:Day_007_TestNG_DataProvider_Lab3.TC02_Login_Static_Paarameters@1d9b7cce]" started-at="2021-11-18T17:10:45 IST" name="Login_Test" data-provider="TC01_Add_Nationality" finished-at="2021-11-18T17:11:27 IST" duration-ms="42354" status="PASS">
          <params>
            <param index="0">
              <value>
                <![CDATA[FireFox]]>
              </value>
            </param>
            <param index="1">
              <value>
                <![CDATA[https://opensource-demo.orangehrmlive.com/]]>
              </value>
            </param>
            <param index="2">
              <value>
                <![CDATA[Admin]]>
              </value>
            </param>
            <param index="3">
              <value>
                <![CDATA[admin123]]>
              </value>
            </param>
            <param index="4">
              <value>
                <![CDATA[Mexicanss6620]]>
              </value>
            </param>
          </params>
          <reporter-output>
          </reporter-output>
        </test-method> <!-- Login_Test -->
      </class> <!-- Day_007_TestNG_DataProvider_Lab3.TC02_Login_Static_Paarameters -->
    </test> <!-- Test -->
  </suite> <!-- Suite -->
</testng-results>
